TN:
SF:src\controllers\register-vehicle.ts
FN:2,handle
FNF:1
FNH:1
FNDA:2,handle
DA:1,1
DA:2,1
DA:3,2
DA:4,1
DA:5,1
DA:6,1
DA:7,1
DA:8,1
DA:9,1
DA:10,1
DA:11,1
DA:12,1
DA:13,1
DA:14,1
DA:15,2
DA:16,1
LF:16
LH:16
BRDA:2,0,0,2
BRDA:3,1,0,1
BRF:2
BRH:2
end_of_record
TN:
SF:src\models\vehicle-model.ts
FN:2,VehicleModel
FN:4,getName
FN:8,getModel
FN:12,getYear
FNF:4
FNH:4
FNDA:1,VehicleModel
FNDA:1,getName
FNDA:1,getModel
FNDA:1,getYear
DA:1,1
DA:2,1
DA:3,1
DA:4,1
DA:5,1
DA:6,1
DA:7,1
DA:8,1
DA:9,1
DA:10,1
DA:11,1
DA:12,1
DA:13,1
DA:14,1
DA:15,1
LF:15
LH:15
BRDA:2,0,0,1
BRDA:4,1,0,1
BRDA:8,2,0,1
BRDA:12,3,0,1
BRF:4
BRH:4
end_of_record
